0 info it worked if it ends with ok
1 verbose cli [ 'node', '/usr/local/bin/npm', 'install', '-g', 'ios-sim' ]
2 info using npm@2.11.2
3 info using node@v0.12.6
4 verbose install initial load of /usr/local/lib/package.json
5 verbose readDependencies loading dependencies from /usr/local/lib/package.json
6 silly cache add args [ 'ios-sim', null ]
7 verbose cache add spec ios-sim
8 silly cache add parsed spec { raw: 'ios-sim',
8 silly cache add   scope: null,
8 silly cache add   name: 'ios-sim',
8 silly cache add   rawSpec: '',
8 silly cache add   spec: '*',
8 silly cache add   type: 'range' }
9 silly addNamed ios-sim@*
10 verbose addNamed "*" is a valid semver range for ios-sim
11 silly addNameRange { name: 'ios-sim', range: '*', hasData: false }
12 silly mapToRegistry name ios-sim
13 silly mapToRegistry using default registry
14 silly mapToRegistry registry https://registry.npmjs.org/
15 silly mapToRegistry uri https://registry.npmjs.org/ios-sim
16 verbose addNameRange registry:https://registry.npmjs.org/ios-sim not in flight; fetching
17 verbose request uri https://registry.npmjs.org/ios-sim
18 verbose request no auth needed
19 info attempt registry request try #1 at 11:14:58
20 verbose request id 58b57dbefaf73954
21 verbose etag "1DM0MTV65SL308Q45HCJAASC1"
22 http request GET https://registry.npmjs.org/ios-sim
23 http 200 https://registry.npmjs.org/ios-sim
24 silly get cb [ 200,
24 silly get   { server: 'CouchDB/1.5.0 (Erlang OTP/R16B03)',
24 silly get     etag: '"O3LTG4EVQMGP965J1O2NE8YU"',
24 silly get     'content-type': 'application/json',
24 silly get     'cache-control': 'max-age=60',
24 silly get     'content-length': '20161',
24 silly get     'accept-ranges': 'bytes',
24 silly get     date: 'Thu, 08 Oct 2015 09:14:07 GMT',
24 silly get     via: '1.1 varnish',
24 silly get     age: '40',
24 silly get     connection: 'keep-alive',
24 silly get     'x-served-by': 'cache-fra1248-FRA',
24 silly get     'x-cache': 'HIT',
24 silly get     'x-cache-hits': '1',
24 silly get     'x-timer': 'S1444295647.671430,VS0,VE0',
24 silly get     vary: 'Accept' } ]
25 verbose get saving ios-sim to /Users/zafar/.npm/registry.npmjs.org/ios-sim/.cache.json
26 silly addNameRange number 2 { name: 'ios-sim', range: '*', hasData: true }
27 silly addNameRange versions [ 'ios-sim',
27 silly addNameRange   [ '1.8.0',
27 silly addNameRange     '1.8.1',
27 silly addNameRange     '1.8.2',
27 silly addNameRange     '1.9.0',
27 silly addNameRange     '2.0.0',
27 silly addNameRange     '2.0.1',
27 silly addNameRange     '3.0.0',
27 silly addNameRange     '3.1.0',
27 silly addNameRange     '3.1.1',
27 silly addNameRange     '4.1.0',
27 silly addNameRange     '4.1.1',
27 silly addNameRange     '3.2.0',
27 silly addNameRange     '5.0.0',
27 silly addNameRange     '5.0.1' ] ]
28 silly addNamed ios-sim@5.0.1
29 verbose addNamed "5.0.1" is a plain semver version for ios-sim
30 silly mapToRegistry name ios-sim
31 silly mapToRegistry using default registry
32 silly mapToRegistry registry https://registry.npmjs.org/
33 silly mapToRegistry uri https://registry.npmjs.org/ios-sim
34 verbose addRemoteTarball https://registry.npmjs.org/ios-sim/-/ios-sim-5.0.1.tgz not in flight; adding
35 verbose addRemoteTarball [ 'https://registry.npmjs.org/ios-sim/-/ios-sim-5.0.1.tgz',
35 verbose addRemoteTarball   '3ff63a7254334f6129fbf7112511774cfd0dd992' ]
36 info retry fetch attempt 1 at 11:14:58
37 info attempt registry request try #1 at 11:14:58
38 http fetch GET https://registry.npmjs.org/ios-sim/-/ios-sim-5.0.1.tgz
39 http fetch 200 https://registry.npmjs.org/ios-sim/-/ios-sim-5.0.1.tgz
40 silly fetchAndShaCheck shasum 3ff63a7254334f6129fbf7112511774cfd0dd992
41 verbose addTmpTarball /var/folders/6w/n0nqxv7j20s228sr7phcz0800000gn/T/npm-17519-e738e679/registry.npmjs.org/ios-sim/-/ios-sim-5.0.1.tgz not in flight; adding
42 verbose addTmpTarball already have metadata; skipping unpack for ios-sim@5.0.1
43 silly cache afterAdd ios-sim@5.0.1
44 verbose afterAdd /Users/zafar/.npm/ios-sim/5.0.1/package/package.json not in flight; writing
45 verbose afterAdd /Users/zafar/.npm/ios-sim/5.0.1/package/package.json written
46 silly install resolved [ { name: 'ios-sim',
46 silly install resolved     version: '5.0.1',
46 silly install resolved     os: [ 'darwin' ],
46 silly install resolved     preferGlobal: 'true',
46 silly install resolved     description: 'launch iOS apps into the iOS Simulator from the command line (Xcode 6.0+)',
46 silly install resolved     main: 'ios-sim.js',
46 silly install resolved     repository:
46 silly install resolved      { type: 'git',
46 silly install resolved        url: 'git+https://github.com/phonegap/ios-sim.git' },
46 silly install resolved     engines: { node: '>=0.10.0' },
46 silly install resolved     keywords: [ 'ios-sim', 'iOS Simulator' ],
46 silly install resolved     bin: { 'ios-sim': './bin/ios-sim' },
46 silly install resolved     bugs: { url: 'https://github.com/phonegap/ios-sim/issues' },
46 silly install resolved     author: { name: 'Shazron Abdullah' },
46 silly install resolved     license: 'MIT',
46 silly install resolved     dependencies: { simctl: '^0.0.6', nopt: '1.0.9', 'bplist-parser': '^0.0.6' },
46 silly install resolved     gitHead: '9ed4bccd90e26cdea455364e102b84d1ffe8a4df',
46 silly install resolved     homepage: 'https://github.com/phonegap/ios-sim#readme',
46 silly install resolved     _id: 'ios-sim@5.0.1',
46 silly install resolved     scripts: {},
46 silly install resolved     _shasum: '3ff63a7254334f6129fbf7112511774cfd0dd992',
46 silly install resolved     _from: 'ios-sim@*',
46 silly install resolved     _npmVersion: '2.11.2',
46 silly install resolved     _nodeVersion: '0.12.6',
46 silly install resolved     _npmUser: { name: 'macdonst', email: 'simon.macdonald@gmail.com' },
46 silly install resolved     dist:
46 silly install resolved      { shasum: '3ff63a7254334f6129fbf7112511774cfd0dd992',
46 silly install resolved        tarball: 'http://registry.npmjs.org/ios-sim/-/ios-sim-5.0.1.tgz' },
46 silly install resolved     maintainers: [ [Object], [Object], [Object], [Object] ],
46 silly install resolved     directories: {},
46 silly install resolved     _resolved: 'https://registry.npmjs.org/ios-sim/-/ios-sim-5.0.1.tgz' } ]
47 info install ios-sim@5.0.1 into /usr/local/lib
48 info installOne ios-sim@5.0.1
49 verbose installOne of ios-sim to /usr/local/lib not in flight; installing
50 warn locking Error: EACCES, open '/Users/zafar/.npm/_locks/ios-sim-3bb56db538048d2f.lock'
50 warn locking     at Error (native)
50 warn locking  /Users/zafar/.npm/_locks/ios-sim-3bb56db538048d2f.lock failed { [Error: EACCES, open '/Users/zafar/.npm/_locks/ios-sim-3bb56db538048d2f.lock']
50 warn locking   errno: -13,
50 warn locking   code: 'EACCES',
50 warn locking   path: '/Users/zafar/.npm/_locks/ios-sim-3bb56db538048d2f.lock' }
51 verbose stack Error: Attempt to unlock /usr/local/lib/node_modules/ios-sim, which hasn't been locked
51 verbose stack     at unlock (/usr/local/lib/node_modules/npm/lib/utils/locker.js:66:11)
51 verbose stack     at cb (/usr/local/lib/node_modules/npm/lib/install.js:1017:5)
51 verbose stack     at /usr/local/lib/node_modules/npm/lib/install.js:1021:20
51 verbose stack     at /usr/local/lib/node_modules/npm/lib/utils/locker.js:40:9
51 verbose stack     at cb (/usr/local/lib/node_modules/npm/node_modules/lockfile/lockfile.js:149:38)
51 verbose stack     at /usr/local/lib/node_modules/npm/node_modules/lockfile/lockfile.js:177:38
51 verbose stack     at FSReqWrap.oncomplete (fs.js:95:15)
52 verbose cwd /Users/zafar/ionic-project/myApp
53 error Darwin 14.5.0
54 error argv "node" "/usr/local/bin/npm" "install" "-g" "ios-sim"
55 error node v0.12.6
56 error npm  v2.11.2
57 error Attempt to unlock /usr/local/lib/node_modules/ios-sim, which hasn't been locked
58 error If you need help, you may report this error at:
58 error     <https://github.com/npm/npm/issues>
59 verbose exit [ 1, true ]
